NormFeatFile Mode- Normalisation by file by file
var and mean normalisation
(SegTools) Default label file for [renjith_1], nb features[496]
NormFeat file normalisation[renjith_1]
(General Tools) Compute CMS on Feature Server
Writing to: renjith_1
(GeneralTools) Writing [renjith_1] begin:0 length:496
(SegTools) Default label file for [renjith_2], nb features[496]
NormFeat file normalisation[renjith_2]
(General Tools) Compute CMS on Feature Server
Writing to: renjith_2
(GeneralTools) Writing [renjith_2] begin:0 length:496
(SegTools) Default label file for [renjith_3], nb features[496]
NormFeat file normalisation[renjith_3]
(General Tools) Compute CMS on Feature Server
Writing to: renjith_3
(GeneralTools) Writing [renjith_3] begin:0 length:496
NormFeatFile Mode- Normalisation by file by file
var and mean normalisation
(SegTools) Default label file for [renjith_1], nb features[496]
NormFeat file normalisation[renjith_1]
(General Tools) Compute CMS on Feature Server
Writing to: renjith_1
(GeneralTools) Writing [renjith_1] begin:0 length:496
(SegTools) Default label file for [renjith_2], nb features[496]
NormFeat file normalisation[renjith_2]
(General Tools) Compute CMS on Feature Server
Writing to: renjith_2
(GeneralTools) Writing [renjith_2] begin:0 length:496
(SegTools) Default label file for [renjith_3], nb features[496]
NormFeat file normalisation[renjith_3]
(General Tools) Compute CMS on Feature Server
Writing to: renjith_3
(GeneralTools) Writing [renjith_3] begin:0 length:496
NormFeatFile Mode- Normalisation by file by file
var and mean normalisation
(SegTools) Default label file for [renjith_1], nb features[496]
NormFeat file normalisation[renjith_1]
(General Tools) Compute CMS on Feature Server
Writing to: renjith_1
(GeneralTools) Writing [renjith_1] begin:0 length:496
(SegTools) Default label file for [renjith_2], nb features[496]
NormFeat file normalisation[renjith_2]
(General Tools) Compute CMS on Feature Server
Writing to: renjith_2
(GeneralTools) Writing [renjith_2] begin:0 length:496
(SegTools) Default label file for [renjith_3], nb features[496]
NormFeat file normalisation[renjith_3]
(General Tools) Compute CMS on Feature Server
Writing to: renjith_3
(GeneralTools) Writing [renjith_3] begin:0 length:496
NormFeatFile Mode- Normalisation by file by file
var and mean normalisation
(SegTools) Default label file for [renjith_1], nb features[496]
NormFeat file normalisation[renjith_1]
(General Tools) Compute CMS on Feature Server
Writing to: renjith_1
(GeneralTools) Writing [renjith_1] begin:0 length:496
(SegTools) Default label file for [renjith_2], nb features[496]
NormFeat file normalisation[renjith_2]
(General Tools) Compute CMS on Feature Server
Writing to: renjith_2
(GeneralTools) Writing [renjith_2] begin:0 length:496
(SegTools) Default label file for [renjith_3], nb features[496]
NormFeat file normalisation[renjith_3]
(General Tools) Compute CMS on Feature Server
Writing to: renjith_3
(GeneralTools) Writing [renjith_3] begin:0 length:496
NormFeatFile Mode- Normalisation by file by file
var and mean normalisation
[ FileNotFoundException 0x96cd0b0 ]
  message   = ""
  source file = FileReader.cpp
  line number = 101
  fileName =  data/prm/re_1.mfc
NormFeatFile Mode- Normalisation by file by file
var and mean normalisation
[ FileNotFoundException 0x83370b0 ]
  message   = ""
  source file = FileReader.cpp
  line number = 101
  fileName =  data/prm/re_1.mfc
NormFeatFile Mode- Normalisation by file by file
var and mean normalisation
(SegTools) Default label file for [renjith_1], nb features[496]
NormFeat file normalisation[renjith_1]
(General Tools) Compute CMS on Feature Server
Writing to: renjith_1
(GeneralTools) Writing [renjith_1] begin:0 length:496
(SegTools) Default label file for [renjith_2], nb features[496]
NormFeat file normalisation[renjith_2]
(General Tools) Compute CMS on Feature Server
Writing to: renjith_2
(GeneralTools) Writing [renjith_2] begin:0 length:496
(SegTools) Default label file for [renjith_3], nb features[496]
NormFeat file normalisation[renjith_3]
(General Tools) Compute CMS on Feature Server
Writing to: renjith_3
(GeneralTools) Writing [renjith_3] begin:0 length:496
NormFeatFile Mode- Normalisation by file by file
var and mean normalisation
(SegTools) Default label file for [renjith_1], nb features[496]
NormFeat file normalisation[renjith_1]
(General Tools) Compute CMS on Feature Server
Writing to: renjith_1
(GeneralTools) Writing [renjith_1] begin:0 length:496
(SegTools) Default label file for [renjith_2], nb features[496]
NormFeat file normalisation[renjith_2]
(General Tools) Compute CMS on Feature Server
Writing to: renjith_2
(GeneralTools) Writing [renjith_2] begin:0 length:496
(SegTools) Default label file for [renjith_3], nb features[496]
NormFeat file normalisation[renjith_3]
(General Tools) Compute CMS on Feature Server
Writing to: renjith_3
(GeneralTools) Writing [renjith_3] begin:0 length:496
NormFeatFile Mode- Normalisation by file by file
var and mean normalisation
(SegTools) Default label file for [renjith_1], nb features[496]
NormFeat file normalisation[renjith_1]
(General Tools) Compute CMS on Feature Server
Writing to: renjith_1
(GeneralTools) Writing [renjith_1] begin:0 length:496
(SegTools) Default label file for [renjith_2], nb features[496]
NormFeat file normalisation[renjith_2]
(General Tools) Compute CMS on Feature Server
Writing to: renjith_2
(GeneralTools) Writing [renjith_2] begin:0 length:496
(SegTools) Default label file for [renjith_3], nb features[496]
NormFeat file normalisation[renjith_3]
(General Tools) Compute CMS on Feature Server
Writing to: renjith_3
(GeneralTools) Writing [renjith_3] begin:0 length:496
NormFeatFile Mode- Normalisation by file by file
var and mean normalisation
(SegTools) Default label file for [renj_1], nb features[926]
NormFeat file normalisation[renj_1]
(General Tools) Compute CMS on Feature Server
Writing to: renj_1
(GeneralTools) Writing [renj_1] begin:0 length:926
(SegTools) Default label file for [renj_2], nb features[996]
NormFeat file normalisation[renj_2]
(General Tools) Compute CMS on Feature Server
Writing to: renj_2
(GeneralTools) Writing [renj_2] begin:0 length:996
(SegTools) Default label file for [renj_3], nb features[996]
NormFeat file normalisation[renj_3]
(General Tools) Compute CMS on Feature Server
Writing to: renj_3
(GeneralTools) Writing [renj_3] begin:0 length:996
NormFeatFile Mode- Normalisation by file by file
var and mean normalisation
[ FileNotFoundException 0x83070b0 ]
  message   = ""
  source file = FileReader.cpp
  line number = 101
  fileName =  data/prm/shyam_1.mfc
NormFeatFile Mode- Normalisation by file by file
var and mean normalisation
(SegTools) Default label file for [shyam_1], nb features[956]
NormFeat file normalisation[shyam_1]
(General Tools) Compute CMS on Feature Server
Writing to: shyam_1
(GeneralTools) Writing [shyam_1] begin:0 length:956
(SegTools) Default label file for [shyam_2], nb features[996]
NormFeat file normalisation[shyam_2]
(General Tools) Compute CMS on Feature Server
Writing to: shyam_2
(GeneralTools) Writing [shyam_2] begin:0 length:996
(SegTools) Default label file for [shyam_3], nb features[976]
NormFeat file normalisation[shyam_3]
(General Tools) Compute CMS on Feature Server
Writing to: shyam_3
(GeneralTools) Writing [shyam_3] begin:0 length:976
NormFeatFile Mode- Normalisation by file by file
var and mean normalisation
(SegTools) Default label file for [renj_1], nb features[956]
NormFeat file normalisation[renj_1]
(General Tools) Compute CMS on Feature Server
Writing to: renj_1
(GeneralTools) Writing [renj_1] begin:0 length:956
(SegTools) Default label file for [renj_2], nb features[976]
NormFeat file normalisation[renj_2]
(General Tools) Compute CMS on Feature Server
Writing to: renj_2
(GeneralTools) Writing [renj_2] begin:0 length:976
(SegTools) Default label file for [renj_3], nb features[972]
NormFeat file normalisation[renj_3]
(General Tools) Compute CMS on Feature Server
Writing to: renj_3
(GeneralTools) Writing [renj_3] begin:0 length:972
NormFeatFile Mode- Normalisation by file by file
var and mean normalisation
(SegTools) Default label file for [binil_1], nb features[960]
NormFeat file normalisation[binil_1]
(General Tools) Compute CMS on Feature Server
Writing to: binil_1
(GeneralTools) Writing [binil_1] begin:0 length:960
(SegTools) Default label file for [binil_2], nb features[996]
NormFeat file normalisation[binil_2]
(General Tools) Compute CMS on Feature Server
Writing to: binil_2
(GeneralTools) Writing [binil_2] begin:0 length:996
(SegTools) Default label file for [binil_3], nb features[994]
NormFeat file normalisation[binil_3]
(General Tools) Compute CMS on Feature Server
Writing to: binil_3
(GeneralTools) Writing [binil_3] begin:0 length:994
